<?xml version="1.0" encoding="UTF-8"?>
<testsuite name="Checkout" tests="6" skipped="0" failures="0" errors="0" timestamp="2025-07-27T04:36:53" hostname="DESKTOP-5BCF7EP" time="15.669">
  <properties/>
  <testcase name="User already login and want checkout" classname="Checkout" time="2.638"/>
  <testcase name="User already login and want checkout all items" classname="Checkout" time="3.166"/>
  <testcase name="User already login and want checkout but did not input firstName" classname="Checkout" time="2.614"/>
  <testcase name="User already login and want checkout but did not input lastName" classname="Checkout" time="2.598"/>
  <testcase name="User already login and want checkout but did not input ZipCode" classname="Checkout" time="2.32"/>
  <testcase name="User already login and want checkout but did not input firstName, lastName and ZipCode" classname="Checkout" time="2.333"/>
  <system-out><![CDATA[
@Web @Positive
Scenario: User already login and want checkout # file:///C:/Users/ANDI/Downloads/Web-API_FinalProjectAutomation/src/test/resources/feature/web/checkout.feature:4
  Given user is already on homepage            # web.steps.CheckoutStep.userIsAlreadyOnHomepage()
  And user click add to cart button            # web.steps.CheckoutStep.userClickAddToCartButton()
  And user click cart icon                     # web.steps.CheckoutStep.userClickCartIcon()
  And user click checkout button               # web.steps.CheckoutStep.userClickCheckoutButton()
  And user input firstName with "John"         # web.steps.CheckoutStep.userInputFirstNameWith(java.lang.String)
  And user input lastName with "Doe"           # web.steps.CheckoutStep.userInputLastNameWith(java.lang.String)
  And user input ZipCode with "16000"          # web.steps.CheckoutStep.userInputZipCodeWith(java.lang.String)
  When user click continue button              # web.steps.CheckoutStep.userClickContinueButton()
  Then user is on checkout overview page       # web.steps.CheckoutStep.userIsOnCheckoutOverviewPage()
  And user click finish button                 # web.steps.CheckoutStep.userClickFinishButton()
  Then user is on checkout finish page         # web.steps.CheckoutStep.userIsOnCheckoutFinishPage()

@Web @Positive
Scenario: User already login and want checkout all items # file:///C:/Users/ANDI/Downloads/Web-API_FinalProjectAutomation/src/test/resources/feature/web/checkout.feature:18
  Given user is already on homepage                      # web.steps.CheckoutStep.userIsAlreadyOnHomepage()
  And user click add to cart button for each items       # web.steps.CheckoutStep.userClickAddToCartButtonForEachItems()
  And user click cart icon                               # web.steps.CheckoutStep.userClickCartIcon()
  And user click checkout button                         # web.steps.CheckoutStep.userClickCheckoutButton()
  And user input firstName with "John"                   # web.steps.CheckoutStep.userInputFirstNameWith(java.lang.String)
  And user input lastName with "Doe"                     # web.steps.CheckoutStep.userInputLastNameWith(java.lang.String)
  And user input ZipCode with "16000"                    # web.steps.CheckoutStep.userInputZipCodeWith(java.lang.String)
  When user click continue button                        # web.steps.CheckoutStep.userClickContinueButton()
  Then user is on checkout overview page                 # web.steps.CheckoutStep.userIsOnCheckoutOverviewPage()
  And user click finish button                           # web.steps.CheckoutStep.userClickFinishButton()
  Then user is on checkout finish page                   # web.steps.CheckoutStep.userIsOnCheckoutFinishPage()

@Web @Negative
Scenario: User already login and want checkout but did not input firstName            # file:///C:/Users/ANDI/Downloads/Web-API_FinalProjectAutomation/src/test/resources/feature/web/checkout.feature:32
  Given user is already on homepage                                                   # web.steps.CheckoutStep.userIsAlreadyOnHomepage()
  And user click add to cart button                                                   # web.steps.CheckoutStep.userClickAddToCartButton()
  And user click cart icon                                                            # web.steps.CheckoutStep.userClickCartIcon()
  And user click checkout button                                                      # web.steps.CheckoutStep.userClickCheckoutButton()
  And user input firstName with ""                                                    # web.steps.CheckoutStep.userInputFirstNameWith(java.lang.String)
  And user input lastName with "Doe"                                                  # web.steps.CheckoutStep.userInputLastNameWith(java.lang.String)
  And user input ZipCode with "16000"                                                 # web.steps.CheckoutStep.userInputZipCodeWith(java.lang.String)
  When user click continue button                                                     # web.steps.CheckoutStep.userClickContinueButton()
  Then user view error message on page check step one "Error: First Name is required" # web.steps.CheckoutStep.userViewErrorMessageOnPageCheckStepOne(java.lang.String)

@Web @Negative
Scenario: User already login and want checkout but did not input lastName            # file:///C:/Users/ANDI/Downloads/Web-API_FinalProjectAutomation/src/test/resources/feature/web/checkout.feature:44
  Given user is already on homepage                                                  # web.steps.CheckoutStep.userIsAlreadyOnHomepage()
  And user click add to cart button                                                  # web.steps.CheckoutStep.userClickAddToCartButton()
  And user click cart icon                                                           # web.steps.CheckoutStep.userClickCartIcon()
  And user click checkout button                                                     # web.steps.CheckoutStep.userClickCheckoutButton()
  And user input firstName with "John"                                               # web.steps.CheckoutStep.userInputFirstNameWith(java.lang.String)
  And user input lastName with ""                                                    # web.steps.CheckoutStep.userInputLastNameWith(java.lang.String)
  And user input ZipCode with "16000"                                                # web.steps.CheckoutStep.userInputZipCodeWith(java.lang.String)
  When user click continue button                                                    # web.steps.CheckoutStep.userClickContinueButton()
  Then user view error message on page check step one "Error: Last Name is required" # web.steps.CheckoutStep.userViewErrorMessageOnPageCheckStepOne(java.lang.String)

@Web @Negative
Scenario: User already login and want checkout but did not input ZipCode               # file:///C:/Users/ANDI/Downloads/Web-API_FinalProjectAutomation/src/test/resources/feature/web/checkout.feature:56
  Given user is already on homepage                                                    # web.steps.CheckoutStep.userIsAlreadyOnHomepage()
  And user click add to cart button                                                    # web.steps.CheckoutStep.userClickAddToCartButton()
  And user click cart icon                                                             # web.steps.CheckoutStep.userClickCartIcon()
  And user click checkout button                                                       # web.steps.CheckoutStep.userClickCheckoutButton()
  And user input firstName with "John"                                                 # web.steps.CheckoutStep.userInputFirstNameWith(java.lang.String)
  And user input lastName with "Doe"                                                   # web.steps.CheckoutStep.userInputLastNameWith(java.lang.String)
  And user input ZipCode with ""                                                       # web.steps.CheckoutStep.userInputZipCodeWith(java.lang.String)
  When user click continue button                                                      # web.steps.CheckoutStep.userClickContinueButton()
  Then user view error message on page check step one "Error: Postal Code is required" # web.steps.CheckoutStep.userViewErrorMessageOnPageCheckStepOne(java.lang.String)

@Web @Negative
Scenario: User already login and want checkout but did not input firstName, lastName and ZipCode # file:///C:/Users/ANDI/Downloads/Web-API_FinalProjectAutomation/src/test/resources/feature/web/checkout.feature:68
  Given user is already on homepage                                                              # web.steps.CheckoutStep.userIsAlreadyOnHomepage()
  And user click add to cart button                                                              # web.steps.CheckoutStep.userClickAddToCartButton()
  And user click cart icon                                                                       # web.steps.CheckoutStep.userClickCartIcon()
  And user click checkout button                                                                 # web.steps.CheckoutStep.userClickCheckoutButton()
  And user input firstName with ""                                                               # web.steps.CheckoutStep.userInputFirstNameWith(java.lang.String)
  And user input lastName with ""                                                                # web.steps.CheckoutStep.userInputLastNameWith(java.lang.String)
  And user input ZipCode with ""                                                                 # web.steps.CheckoutStep.userInputZipCodeWith(java.lang.String)
  When user click continue button                                                                # web.steps.CheckoutStep.userClickContinueButton()
  Then user view error message on page check step one "Error: First Name is required"            # web.steps.CheckoutStep.userViewErrorMessageOnPageCheckStepOne(java.lang.String)
]]></system-out>
  <system-err><![CDATA[]]></system-err>
</testsuite>
