<?xml version="1.0" encoding="UTF-8"?>
<testsuite name="Test Automation Rest API User Management" tests="7" skipped="0" failures="0" errors="0" timestamp="2025-07-29T08:10:38" hostname="PCLAP0009.local" time="27.147">
  <properties/>
  <testcase name="Test Get List Data User Normal" classname="Test Automation Rest API User Management" time="9.217"/>
  <testcase name="Test get data profile user normal" classname="Test Automation Rest API User Management" time="1.305"/>
  <testcase name="Test get data profile user failed not found" classname="Test Automation Rest API User Management" time="5.86"/>
  <testcase name="Test create new user normal" classname="Test Automation Rest API User Management" time="1.144"/>
  <testcase name="Test update user normal" classname="Test Automation Rest API User Management" time="1.476"/>
  <testcase name="Test delete user normal" classname="Test Automation Rest API User Management" time="1.943"/>
  <testcase name="Test delete user with user id not found" classname="Test Automation Rest API User Management" time="6.202"/>
  <system-out><![CDATA[
@api
Scenario: Test Get List Data User Normal                                     # file:///Users/ertiandywaluyo/Downloads/FinalProject-Automation/src/test/resources/feature/api/apiuser.feature:4
Prepare URL : GET_LIST_USERS
URL is : https://dummyapi.io/data/v1/user
  Given prepare url for "GET_LIST_USERS"                                     # api.steps.ApiUserStep.prepare_url_for(java.lang.String)
{"data":[{"id":"60d0fe4f5311236168a109ca","title":"ms","firstName":"Sara","lastName":"Andersen","picture":"https://randomuser.me/api/portraits/women/58.jpg"},{"id":"60d0fe4f5311236168a109cb","title":"miss","firstName":"Edita","lastName":"Vestering","picture":"https://randomuser.me/api/portraits/med/women/89.jpg"},{"id":"60d0fe4f5311236168a109cc","title":"ms","firstName":"Adina","lastName":"Barbosa","picture":"https://randomuser.me/api/portraits/med/women/28.jpg"},{"id":"60d0fe4f5311236168a109cd","title":"mr","firstName":"Roberto","lastName":"Vega","picture":"https://randomuser.me/api/portraits/med/men/25.jpg"},{"id":"60d0fe4f5311236168a109ce","title":"mr","firstName":"Rudi","lastName":"Droste","picture":"https://randomuser.me/api/portraits/med/men/83.jpg"},{"id":"60d0fe4f5311236168a109cf","title":"mrs","firstName":"Carolina","lastName":"Lima","picture":"https://randomuser.me/api/portraits/med/women/5.jpg"},{"id":"60d0fe4f5311236168a109d0","title":"mr","firstName":"Emre","lastName":"Asikoglu","picture":"https://randomuser.me/api/portraits/med/men/23.jpg"},{"id":"60d0fe4f5311236168a109d1","title":"mr","firstName":"Kent","lastName":"Brewer","picture":"https://randomuser.me/api/portraits/med/men/52.jpg"},{"id":"60d0fe4f5311236168a109d2","title":"mr","firstName":"Evan","lastName":"Carlson","picture":"https://randomuser.me/api/portraits/med/men/80.jpg"},{"id":"60d0fe4f5311236168a109d3","title":"mr","firstName":"Friedrich-Karl","lastName":"Brand","picture":"https://randomuser.me/api/portraits/med/men/7.jpg"},{"id":"60d0fe4f5311236168a109d4","title":"mr","firstName":"Valentin","lastName":"Ortega","picture":"https://randomuser.me/api/portraits/med/men/3.jpg"},{"id":"60d0fe4f5311236168a109d5","title":"mrs","firstName":"Sibylle","lastName":"Leibold","picture":"https://randomuser.me/api/portraits/med/women/89.jpg"},{"id":"60d0fe4f5311236168a109d6","title":"mrs","firstName":"Elisa","lastName":"Lorenzo","picture":"https://randomuser.me/api/portraits/med/women/89.jpg"},{"id":"60d0fe4f5311236168a109d7","title":"mr","firstName":"Leevi","lastName":"Savela","picture":"https://randomuser.me/api/portraits/med/men/67.jpg"},{"id":"60d0fe4f5311236168a109d8","title":"mrs","firstName":"Karoline","lastName":"Sviggum","picture":"https://randomuser.me/api/portraits/med/women/61.jpg"},{"id":"60d0fe4f5311236168a109d9","title":"ms","firstName":"Nuria","lastName":"Leon","picture":"https://randomuser.me/api/portraits/med/women/93.jpg"},{"id":"60d0fe4f5311236168a109da","title":"mr","firstName":"Lance","lastName":"Foster","picture":"https://randomuser.me/api/portraits/med/men/13.jpg"},{"id":"60d0fe4f5311236168a109db","title":"miss","firstName":"Naomi","lastName":"Rodrigues","picture":"https://randomuser.me/api/portraits/med/women/39.jpg"},{"id":"60d0fe4f5311236168a109dc","title":"mr","firstName":"Evan","lastName":"Roux","picture":"https://randomuser.me/api/portraits/med/men/59.jpg"},{"id":"60d0fe4f5311236168a109dd","title":"mr","firstName":"Miguel","lastName":"Lima","picture":"https://randomuser.me/api/portraits/med/men/31.jpg"}],"total":343,"page":0,"limit":20}
  When hit api get list users                                                # api.steps.ApiUserStep.hit_api_get_list_users()
check status code : 200
  Then validation status code api user is equals 200                         # api.steps.ApiUserStep.validation_status_code_is_equals(java.lang.Integer)
validation response body list user process
  Then validation response body get list users                               # api.steps.ApiUserStep.validation_response_body_get_list_users()
check response data : get_list_user_success.json
  Then validation response json with JSONSchema "get_list_user_success.json" # api.steps.ApiUserStep.validation_response_json_with_json_schema(java.lang.String)

@api
Scenario: Test get data profile user normal                             # file:///Users/ertiandywaluyo/Downloads/FinalProject-Automation/src/test/resources/feature/api/apiuser.feature:12
Prepare URL : GET_PROFILE_USER
URL is : https://dummyapi.io/data/v1/user/
  Given prepare url for "GET_PROFILE_USER"                              # api.steps.ApiUserStep.prepare_url_for(java.lang.String)
Final Endpoint : https://dummyapi.io/data/v1/user/60d0fe4f5311236168a109cd
{"id":"60d0fe4f5311236168a109cd","title":"mr","firstName":"Roberto","lastName":"Vega","picture":"https://randomuser.me/api/portraits/med/men/25.jpg","gender":"male","email":"roberto.vega@example.com","dateOfBirth":"1945-11-17T06:31:57.367Z","phone":"949-368-211","location":{"street":"7675, Calle Mota","city":"LogroÃ±o","state":"Islas Baleares","country":"Spain","timezone":"+6:00"},"registerDate":"2021-06-21T21:02:07.872Z","updatedDate":"2021-06-21T21:02:07.872Z"}
  When hit api get profile user by id "60d0fe4f5311236168a109cd"        # api.steps.ApiUserStep.hitApiGetProfileUserById(java.lang.String)
check status code : 200
  Then validation status code api user is equals 200                    # api.steps.ApiUserStep.validation_status_code_is_equals(java.lang.Integer)
validation response body profile user process normal
  Then validation response body get profile user                        # api.steps.ApiUserStep.validationResponseBodyGetProfileUser()
check response data : get_user_success.json
  Then validation response json with JSONSchema "get_user_success.json" # api.steps.ApiUserStep.validation_response_json_with_json_schema(java.lang.String)

@api
Scenario: Test get data profile user failed not found                 # file:///Users/ertiandywaluyo/Downloads/FinalProject-Automation/src/test/resources/feature/api/apiuser.feature:20
Prepare URL : GET_PROFILE_USER
URL is : https://dummyapi.io/data/v1/user/
  Given prepare url for "GET_PROFILE_USER"                            # api.steps.ApiUserStep.prepare_url_for(java.lang.String)
Final Endpoint : https://dummyapi.io/data/v1/user/65bb2ac113492cde6cfbd2d8
{"error":"RESOURCE_NOT_FOUND"}
  When hit api get profile user by id "65bb2ac113492cde6cfbd2d8"      # api.steps.ApiUserStep.hitApiGetProfileUserById(java.lang.String)
check status code : 404
  Then validation status code api user is equals 404                  # api.steps.ApiUserStep.validation_status_code_is_equals(java.lang.Integer)
validation response body profile user process failed
actual message: RESOURCE_NOT_FOUND
  Then validation response body with message "RESOURCE_NOT_FOUND"     # api.steps.ApiUserStep.validationResponseBodyFailedWithMessage(java.lang.String)
check response data : get_user_error.json
  Then validation response json with JSONSchema "get_user_error.json" # api.steps.ApiUserStep.validation_response_json_with_json_schema(java.lang.String)

@api
Scenario: Test create new user normal                              # file:///Users/ertiandywaluyo/Downloads/FinalProject-Automation/src/test/resources/feature/api/apiuser.feature:28
Prepare URL : CREATE_NEW_USER
URL is : https://dummyapi.io/data/v1/user/create
  Given prepare url for "CREATE_NEW_USER"                          # api.steps.ApiUserStep.prepare_url_for(java.lang.String)
Gson :{"title":"mr","firstName":"Ertiandy","lastName":"Waluyo","picture":"https://randomuser.me/api/portraits/med/men/95.jpg","gender":"male","email":"vozmhh9ki8@testdata.com","dateOfBirth":"1993-04-09T02:31:57.367Z","phone":"080989999","location":{"street":"Jalanin aja","city":"Depok","state":"Jawa Barat","country":"Indonesia","timezone":"+7:00"}}
{"id":"68888210e181cd54634661a9","title":"mr","firstName":"Ertiandy","lastName":"Waluyo","picture":"https://randomuser.me/api/portraits/med/men/95.jpg","gender":"male","email":"vozmhh9ki8@testdata.com","dateOfBirth":"1993-04-09T02:31:57.367Z","phone":"080989999","location":{"street":"Jalanin aja","city":"Depok","state":"Jawa Barat","country":"Indonesia","timezone":"+7:00"},"registerDate":"2025-07-29T08:10:56.275Z","updatedDate":"2025-07-29T08:10:56.275Z"}
  When hit api post create new user                                # api.steps.ApiUserStep.hitApiPostCreateNewUser()
check status code : 200
  Then validation status code api user is equals 200               # api.steps.ApiUserStep.validation_status_code_is_equals(java.lang.Integer)
test logic for check response body create user
Actual Data : {"id":"68888210e181cd54634661a9","title":"mr","firstName":"Ertiandy","lastName":"Waluyo","picture":"https://randomuser.me/api/portraits/med/men/95.jpg","gender":"male","email":"vozmhh9ki8@testdata.com","dateOfBirth":"1993-04-09T02:31:57.367Z","phone":"080989999","location":{"street":"Jalanin aja","city":"Depok","state":"Jawa Barat","country":"Indonesia","timezone":"+7:00"},"registerDate":"2025-07-29T08:10:56.275Z","updatedDate":"2025-07-29T08:10:56.275Z"}
Test Data : {"title":"mr","firstName":"Ertiandy","lastName":"Waluyo","picture":"https://randomuser.me/api/portraits/med/men/95.jpg","gender":"male","email":"vozmhh9ki8@testdata.com","dateOfBirth":"1993-04-09T02:31:57.367Z","phone":"080989999","location":{"street":"Jalanin aja","city":"Depok","state":"Jawa Barat","country":"Indonesia","timezone":"+7:00"}}
  Then validation response body post create new user               # api.steps.ApiUserStep.validationResponseBodyPostCreateNewUser()
check response data : create_user.json
  Then validation response json with JSONSchema "create_user.json" # api.steps.ApiUserStep.validation_response_json_with_json_schema(java.lang.String)

@api
Scenario: Test update user normal                                                 # file:///Users/ertiandywaluyo/Downloads/FinalProject-Automation/src/test/resources/feature/api/apiuser.feature:36
Prepare URL : UPDATE_USER
URL is : https://dummyapi.io/data/v1/user/
  Given prepare url for "UPDATE_USER"                                             # api.steps.ApiUserStep.prepare_url_for(java.lang.String)
Gson :{"title":"mr","firstName":"Ertiandy","lastName":"Waluyo","picture":"https://randomuser.me/api/portraits/med/men/95.jpg","gender":"male","email":"e4jgtdlnbg@testdata.com","dateOfBirth":"1993-04-09T02:31:57.367Z","phone":"080989999","location":{"street":"Jalanin aja","city":"Depok","state":"Jawa Barat","country":"Indonesia","timezone":"+7:00"}}
{"id":"68888211e181cdd0554661ac","title":"mr","firstName":"Ertiandy","lastName":"Waluyo","picture":"https://randomuser.me/api/portraits/med/men/95.jpg","gender":"male","email":"e4jgtdlnbg@testdata.com","dateOfBirth":"1993-04-09T02:31:57.367Z","phone":"080989999","location":{"street":"Jalanin aja","city":"Depok","state":"Jawa Barat","country":"Indonesia","timezone":"+7:00"},"registerDate":"2025-07-29T08:10:57.361Z","updatedDate":"2025-07-29T08:10:57.361Z"}
current id after created : 68888211e181cdd0554661ac
  And hit api post create new user for manipulation data                          # api.steps.ApiUserStep.hitApiPostCreateNewUserForManipulationData()
Gson :{"title":"mr","firstName":"Ertiandy","lastName":"Update User","picture":"https://randomuser.me/api/portraits/med/men/95.jpg","gender":"male","dateOfBirth":"1993-04-09T02:31:57.367Z","phone":"080989999","location":{"street":"Jalan jalan","city":"Jakarta Pusat","state":"Jakarta","country":"Indonesia","timezone":"+7:00"}}
https://dummyapi.io/data/v1/user/68888211e181cdd0554661ac
{"id":"68888211e181cdd0554661ac","title":"mr","firstName":"Ertiandy","lastName":"Update User","picture":"https://randomuser.me/api/portraits/med/men/95.jpg","gender":"male","email":"e4jgtdlnbg@testdata.com","dateOfBirth":"1993-04-09T02:31:57.367Z","phone":"080989999","location":{"street":"Jalan jalan","city":"Jakarta Pusat","state":"Jakarta","country":"Indonesia","timezone":"+7:00"},"registerDate":"2025-07-29T08:10:57.361Z","updatedDate":"2025-07-29T08:10:57.755Z"}
  When hit api update profile user                                                # api.steps.ApiUserStep.hitApiUpdateProfileUserById()
check status code : 200
  Then validation status code api user is equals 200                              # api.steps.ApiUserStep.validation_status_code_is_equals(java.lang.Integer)
test logic for check response body update user
Actual Data : {"id":"68888211e181cdd0554661ac","title":"mr","firstName":"Ertiandy","lastName":"Update User","picture":"https://randomuser.me/api/portraits/med/men/95.jpg","gender":"male","email":"e4jgtdlnbg@testdata.com","dateOfBirth":"1993-04-09T02:31:57.367Z","phone":"080989999","location":{"street":"Jalan jalan","city":"Jakarta Pusat","state":"Jakarta","country":"Indonesia","timezone":"+7:00"},"registerDate":"2025-07-29T08:10:57.361Z","updatedDate":"2025-07-29T08:10:57.755Z"}
Test Data : {"title":"mr","firstName":"Ertiandy","lastName":"Update User","picture":"https://randomuser.me/api/portraits/med/men/95.jpg","gender":"male","dateOfBirth":"1993-04-09T02:31:57.367Z","phone":"080989999","location":{"street":"Jalan jalan","city":"Jakarta Pusat","state":"Jakarta","country":"Indonesia","timezone":"+7:00"}}
  Then validation response body update user                                       # api.steps.ApiUserStep.validationResponseBodyUpdateUser()
check response data : update_profile_user_normal.json
  Then validation response json with JSONSchema "update_profile_user_normal.json" # api.steps.ApiUserStep.validation_response_json_with_json_schema(java.lang.String)

@api
Scenario: Test delete user normal                                         # file:///Users/ertiandywaluyo/Downloads/FinalProject-Automation/src/test/resources/feature/api/apiuser.feature:45
Prepare URL : DELETE_USER
URL is : https://dummyapi.io/data/v1/user/
  Given prepare url for "DELETE_USER"                                     # api.steps.ApiUserStep.prepare_url_for(java.lang.String)
Gson :{"title":"mr","firstName":"Ertiandy","lastName":"Waluyo","picture":"https://randomuser.me/api/portraits/med/men/95.jpg","gender":"male","email":"m0eoelcg7c@testdata.com","dateOfBirth":"1993-04-09T02:31:57.367Z","phone":"080989999","location":{"street":"Jalanin aja","city":"Depok","state":"Jawa Barat","country":"Indonesia","timezone":"+7:00"}}
{"id":"68888212e181cd93ff4661b3","title":"mr","firstName":"Ertiandy","lastName":"Waluyo","picture":"https://randomuser.me/api/portraits/med/men/95.jpg","gender":"male","email":"m0eoelcg7c@testdata.com","dateOfBirth":"1993-04-09T02:31:57.367Z","phone":"080989999","location":{"street":"Jalanin aja","city":"Depok","state":"Jawa Barat","country":"Indonesia","timezone":"+7:00"},"registerDate":"2025-07-29T08:10:58.831Z","updatedDate":"2025-07-29T08:10:58.831Z"}
current id after created : 68888212e181cd93ff4661b3
  And hit api post create new user for manipulation data                  # api.steps.ApiUserStep.hitApiPostCreateNewUserForManipulationData()
response after hit API delete
{"id":"68888212e181cd93ff4661b3"}
  When hit api delete user                                                # api.steps.ApiUserStep.hitApiDeleteUserForId()
check status code : 200
  Then validation status code api user is equals 200                      # api.steps.ApiUserStep.validation_status_code_is_equals(java.lang.Integer)
test logic for check response body delete user
id Delete:io.restassured.internal.RestAssuredResponseImpl@4e71c196
  Then validation response body delete user                               # api.steps.ApiUserStep.validationResponseBodyDeleteUser()
check response data : delete_user_normal.json
  Then validation response json with JSONSchema "delete_user_normal.json" # api.steps.ApiUserStep.validation_response_json_with_json_schema(java.lang.String)
Final Endpoint : https://dummyapi.io/data/v1/user/68888212e181cd93ff4661b3
{"error":"RESOURCE_NOT_FOUND"}
  Then hit api get profile user after deleted                             # api.steps.ApiUserStep.hitApiGetProfileUserAfterDeleted()
validation response body profile user process failed
actual message: RESOURCE_NOT_FOUND
  Then validation response body with message "RESOURCE_NOT_FOUND"         # api.steps.ApiUserStep.validationResponseBodyFailedWithMessage(java.lang.String)

@api
Scenario: Test delete user with user id not found                            # file:///Users/ertiandywaluyo/Downloads/FinalProject-Automation/src/test/resources/feature/api/apiuser.feature:56
Prepare URL : DELETE_USER
URL is : https://dummyapi.io/data/v1/user/
  Given prepare url for "DELETE_USER"                                        # api.steps.ApiUserStep.prepare_url_for(java.lang.String)
response after hit API delete
{"error":"RESOURCE_NOT_FOUND"}
  When hit api delete user for id "65bb2c2213492c3665fbd2f2"                 # api.steps.ApiUserStep.hitApiDeleteUserForId(java.lang.String)
check status code : 404
  Then validation status code api user is equals 404                         # api.steps.ApiUserStep.validation_status_code_is_equals(java.lang.Integer)
validation response body profile user process failed
actual message: RESOURCE_NOT_FOUND
  Then validation response body with message "RESOURCE_NOT_FOUND"            # api.steps.ApiUserStep.validationResponseBodyFailedWithMessage(java.lang.String)
check response data : delete_user_not_found.json
  Then validation response json with JSONSchema "delete_user_not_found.json" # api.steps.ApiUserStep.validation_response_json_with_json_schema(java.lang.String)
]]></system-out>
  <system-err><![CDATA[]]></system-err>
</testsuite>
